<?xml version="1.0" encoding="UTF-8"?>
<testng-results ignored="0" total="1" passed="1" failed="0" skipped="0">
  <reporter-output>
  </reporter-output>
  <suite started-at="2024-06-02T22:03:03 IST" name="Default suite" finished-at="2024-06-02T22:03:56 IST" duration-ms="52565">
    <groups>
    </groups>
    <test started-at="2024-06-02T22:03:03 IST" name="Default test" finished-at="2024-06-02T22:03:56 IST" duration-ms="52565">
      <class name="Xyug.Makemytrip">
        <test-method signature="make()[pri:0, instance:Xyug.Makemytrip@5ab956d7]" started-at="2024-06-02T22:03:03 IST" name="make" finished-at="2024-06-02T22:03:56 IST" duration-ms="52483" status="PASS">
          <reporter-output>
          </reporter-output>
        </test-method> <!-- make -->
      </class> <!-- Xyug.Makemytrip -->
    </test> <!-- Default test -->
  </suite> <!-- Default suite -->
</testng-results>
